Build started 6/11/2012 3:02:23 PM.
     1>Project "C:\Users\rbedikian\Desktop\Platform\InputDriverNew\source\OverlayHarness\OverlayHarness.vcxproj" on node 4 (build target(s)).
     1>InitializeBuildStatus:
         Creating "x64\Debug\OverlayHarness.unsuccessfulbuild" because "AlwaysCreate" was specified.
       ClCompile:
         All outputs are up-to-date.
         All outputs are up-to-date.
       ResourceCompile:
         All outputs are up-to-date.
       ManifestResourceCompile:
         All outputs are up-to-date.
       Link:
         C:\Program Files (x86)\Microsoft Visual Studio 10.0\VC\bin\x86_amd64\link.exe /ERRORREPORT:PROMPT /OUT:"C:\Users\rbedikian\Desktop\Platform\InputDriverNew\source\x64\Debug\OverlayHarness.exe" /INCREMENTAL /NOLOGO /LIBPATH:..\contrib\amd64 Gdiplus.lib Setupapi.lib Shlwapi.lib newdev.lib hid.lib kernel32.lib user32.lib gdi32.lib winspool.lib comdlg32.lib advapi32.lib shell32.lib ole32.lib oleaut32.lib uuid.lib odbc32.lib odbccp32.lib /MANIFEST /ManifestFile:"x64\Debug\OverlayHarness.exe.intermediate.manifest" /MANIFESTUAC:"level='asInvoker' uiAccess='false'" /DEBUG /PDB:"C:\Users\rbedikian\Desktop\Platform\InputDriverNew\source\x64\Debug\OverlayHarness.pdb" /SUBSYSTEM:WINDOWS /TLBID:1 /DYNAMICBASE /NXCOMPAT /IMPLIB:"C:\Users\rbedikian\Desktop\Platform\InputDriverNew\source\x64\Debug\OverlayHarness.lib" /MACHINE:X64 x64\Debug\OverlayHarness.res
         x64\Debug\OverlayHarness.exe.embed.manifest.res
         x64\Debug\GdiplusInitializer.obj
         x64\Debug\OverlayHarness.obj
         x64\Debug\ResourcePng.obj
         x64\Debug\ResourceStream.obj
         x64\Debug\stdafx.obj
         C:\Users\rbedikian\Desktop\Platform\InputDriverNew\source\x64\Debug\OcuInterface.lib
         OverlayHarness.vcxproj -> C:\Users\rbedikian\Desktop\Platform\InputDriverNew\source\x64\Debug\OverlayHarness.exe
       Manifest:
         C:\Program Files (x86)\Microsoft SDKs\Windows\v7.0A\bin\mt.exe /nologo /verbose /out:"x64\Debug\OverlayHarness.exe.embed.manifest" /manifest x64\Debug\OverlayHarness.exe.intermediate.manifest
         All outputs are up-to-date.
       LinkEmbedManifest:
         All outputs are up-to-date.
         OverlayHarness.vcxproj -> C:\Users\rbedikian\Desktop\Platform\InputDriverNew\source\x64\Debug\OverlayHarness.exe
       FinalizeBuildStatus:
         Deleting file "x64\Debug\OverlayHarness.unsuccessfulbuild".
         Touching "x64\Debug\OverlayHarness.lastbuildstate".
     1>Done Building Project "C:\Users\rbedikian\Desktop\Platform\InputDriverNew\source\OverlayHarness\OverlayHarness.vcxproj" (build target(s)).

Build succeeded.

Time Elapsed 00:00:00.17
