C:\USERS\RBEDIKIAN\DESKTOP\PLATFORM\INPUTDRIVERNEW\SOURCE\DEBUG\INSTALLER.DLL
C:\Users\rbedikian\Desktop\Platform\InputDriverNew\source\Debug\Installer.exp
C:\USERS\RBEDIKIAN\DESKTOP\PLATFORM\INPUTDRIVERNEW\SOURCE\DEBUG\INSTALLER.ILK
C:\Users\rbedikian\Desktop\Platform\InputDriverNew\source\Debug\Installer.lib
C:\USERS\RBEDIKIAN\DESKTOP\PLATFORM\INPUTDRIVERNEW\SOURCE\DEBUG\INSTALLER.PDB
C:\Users\rbedikian\Desktop\Platform\InputDriverNew\source\Installer\Debug\cl.command.1.tlog
C:\Users\rbedikian\Desktop\Platform\InputDriverNew\source\Installer\Debug\CL.read.1.tlog
C:\Users\rbedikian\Desktop\Platform\InputDriverNew\source\Installer\Debug\CL.write.1.tlog
C:\USERS\RBEDIKIAN\DESKTOP\PLATFORM\INPUTDRIVERNEW\SOURCE\INSTALLER\DEBUG\INSTALLER.DLL.INTERMEDIATE.MANIFEST
C:\USERS\RBEDIKIAN\DESKTOP\PLATFORM\INPUTDRIVERNEW\SOURCE\INSTALLER\DEBUG\INSTALLER.OBJ
C:\USERS\RBEDIKIAN\DESKTOP\PLATFORM\INPUTDRIVERNEW\SOURCE\INSTALLER\DEBUG\INSTALLER.PCH
C:\Users\rbedikian\Desktop\Platform\InputDriverNew\source\Installer\Debug\Installer.write.1.tlog
C:\USERS\RBEDIKIAN\DESKTOP\PLATFORM\INPUTDRIVERNEW\SOURCE\INSTALLER\DEBUG\INSTALLERBASE.OBJ
C:\USERS\RBEDIKIAN\DESKTOP\PLATFORM\INPUTDRIVERNEW\SOURCE\INSTALLER\DEBUG\INSTALLERCODES.RES
C:\USERS\RBEDIKIAN\DESKTOP\PLATFORM\INPUTDRIVERNEW\SOURCE\INSTALLER\DEBUG\LASTERRORPRESERVER.OBJ
C:\Users\rbedikian\Desktop\Platform\InputDriverNew\source\Installer\Debug\link.command.1.tlog
C:\Users\rbedikian\Desktop\Platform\InputDriverNew\source\Installer\Debug\link.read.1.tlog
C:\Users\rbedikian\Desktop\Platform\InputDriverNew\source\Installer\Debug\link.write.1.tlog
C:\Users\rbedikian\Desktop\Platform\InputDriverNew\source\Installer\Debug\link-cvtres.read.1.tlog
C:\Users\rbedikian\Desktop\Platform\InputDriverNew\source\Installer\Debug\link-cvtres.write.1.tlog
C:\Users\rbedikian\Desktop\Platform\InputDriverNew\source\Installer\Debug\mt.command.1.tlog
C:\Users\rbedikian\Desktop\Platform\InputDriverNew\source\Installer\Debug\mt.read.1.tlog
C:\Users\rbedikian\Desktop\Platform\InputDriverNew\source\Installer\Debug\mt.write.1.tlog
C:\Users\rbedikian\Desktop\Platform\InputDriverNew\source\Installer\Debug\rc.command.1.tlog
C:\Users\rbedikian\Desktop\Platform\InputDriverNew\source\Installer\Debug\rc.read.1.tlog
C:\Users\rbedikian\Desktop\Platform\InputDriverNew\source\Installer\Debug\rc.write.1.tlog
C:\USERS\RBEDIKIAN\DESKTOP\PLATFORM\INPUTDRIVERNEW\SOURCE\INSTALLER\DEBUG\STDAFX.OBJ
C:\Users\rbedikian\Desktop\Platform\InputDriverNew\source\Installer\Debug\vc100.idb
C:\USERS\RBEDIKIAN\DESKTOP\PLATFORM\INPUTDRIVERNEW\SOURCE\INSTALLER\DEBUG\VC100.PDB
