Build started 4/9/2012 3:46:13 PM.
     1>Project "C:\Users\rbedikian\Desktop\Platform\InputDriverNew\source\newdev\newdev.vcxproj" on node 3 (rebuild target(s)).
     1>_PrepareForClean:
         Deleting file "x64\Release\newdev.lastbuildstate".
       InitializeBuildStatus:
         Creating "x64\Release\newdev.unsuccessfulbuild" because "AlwaysCreate" was specified.
       ClCompile:
         C:\Program Files (x86)\Microsoft Visual Studio 10.0\VC\bin\x86_amd64\CL.exe /c /Zi /nologo /W3 /WX- /O2 /Oi /GL /D WIN32 /D NDEBUG /D _CONSOLE /D _UNICODE /D UNICODE /Gm- /EHsc /MD /GS /Gy /fp:precise /Zc:wchar_t /Zc:forScope /Yc"StdAfx.h" /Fp"x64\Release\newdev.pch" /Fo"x64\Release\\" /Fd"x64\Release\vc100.pdb" /Gd /TP /errorReport:prompt stdafx.cpp
         stdafx.cpp
         C:\Program Files (x86)\Microsoft Visual Studio 10.0\VC\bin\x86_amd64\CL.exe /c /Zi /nologo /W3 /WX- /O2 /Oi /GL /D WIN32 /D NDEBUG /D _CONSOLE /D _UNICODE /D UNICODE /Gm- /EHsc /MD /GS /Gy /fp:precise /Zc:wchar_t /Zc:forScope /Yu"StdAfx.h" /Fp"x64\Release\newdev.pch" /Fo"x64\Release\\" /Fd"x64\Release\vc100.pdb" /Gd /TP /errorReport:prompt newdev.cpp
         newdev.cpp
       Lib:
         C:\Program Files (x86)\Microsoft Visual Studio 10.0\VC\bin\x86_amd64\Lib.exe /OUT:"C:\Users\rbedikian\Desktop\Platform\InputDriverNew\source\x64\Release\newdev.lib" /NOLOGO /DEF:"newdev.def" /LTCG x64\Release\newdev.obj
         x64\Release\stdafx.obj
            Creating library C:\Users\rbedikian\Desktop\Platform\InputDriverNew\source\x64\Release\newdev.lib and object C:\Users\rbedikian\Desktop\Platform\InputDriverNew\source\x64\Release\newdev.exp
         newdev.vcxproj -> C:\Users\rbedikian\Desktop\Platform\InputDriverNew\source\x64\Release\newdev.lib
       FinalizeBuildStatus:
         Deleting file "x64\Release\newdev.unsuccessfulbuild".
         Touching "x64\Release\newdev.lastbuildstate".
     1>Done Building Project "C:\Users\rbedikian\Desktop\Platform\InputDriverNew\source\newdev\newdev.vcxproj" (rebuild target(s)).

Build succeeded.

Time Elapsed 00:00:01.03
