Build started 6/11/2012 3:00:08 PM.
     1>Project "C:\Users\rbedikian\Desktop\Platform\InputDriverNew\source\OcuInterface\OcuInterface.vcxproj" on node 2 (build target(s)).
     1>InitializeBuildStatus:
         Creating "x64\Release\OcuInterface.unsuccessfulbuild" because "AlwaysCreate" was specified.
       McCompile:
       Skipping target "McCompile" because all output files are up-to-date with respect to the input files.
       ClCompile:
         C:\Program Files (x86)\Microsoft Visual Studio 10.0\VC\bin\x86_amd64\CL.exe /c /Zi /nologo /W3 /WX- /O2 /Oi /GL /D WIN32 /D NDEBUG /D _LIB /D _UNICODE /D UNICODE /Gm- /EHsc /MD /GS /Gy /fp:precise /Zc:wchar_t /Zc:forScope /Yc"StdAfx.h" /Fp"x64\Release\OcuInterface.pch" /Fo"x64\Release\\" /Fd"x64\Release\vc100.pdb" /Gd /TP /errorReport:prompt stdafx.cpp
         stdafx.cpp
         C:\Program Files (x86)\Microsoft Visual Studio 10.0\VC\bin\x86_amd64\CL.exe /c /Zi /nologo /W3 /WX- /O2 /Oi /GL /D WIN32 /D NDEBUG /D _LIB /D _UNICODE /D UNICODE /Gm- /EHsc /MD /GS /Gy /fp:precise /Zc:wchar_t /Zc:forScope /Yu"StdAfx.h" /Fp"x64\Release\OcuInterface.pch" /Fo"x64\Release\\" /Fd"x64\Release\vc100.pdb" /Gd /TP /errorReport:prompt AutoLocker.cpp FocusAppInfo.cpp ObjPool.cpp OcuHidInstance.cpp OcuIcon.cpp OcuIconWindowClass.cpp OcuImage.cpp OcuInterface.cpp Overlapped.cpp
         AutoLocker.cpp
         FocusAppInfo.cpp
         ObjPool.cpp
         OcuHidInstance.cpp
         OcuIcon.cpp
         OcuIconWindowClass.cpp
         OcuImage.cpp
         OcuInterface.cpp
         Overlapped.cpp
       ResourceCompile:
         C:\Program Files (x86)\Microsoft SDKs\Windows\v7.0A\bin\rc.exe /D _UNICODE /D UNICODE /l"0x0409" /nologo /fo"x64\Release\OcuInterfaceCodes.res" OcuInterfaceCodes.rc 
       Lib:
         C:\Program Files (x86)\Microsoft Visual Studio 10.0\VC\bin\x86_amd64\Lib.exe /OUT:"C:\Users\rbedikian\Desktop\Platform\InputDriverNew\source\x64\Release\OcuInterface.lib" /NOLOGO /MACHINE:X64 /LTCG x64\Release\OcuInterfaceCodes.res
         x64\Release\AutoLocker.obj
         x64\Release\FocusAppInfo.obj
         x64\Release\ObjPool.obj
         x64\Release\OcuHidInstance.obj
         x64\Release\OcuIcon.obj
         x64\Release\OcuIconWindowClass.obj
         x64\Release\OcuImage.obj
         x64\Release\OcuInterface.obj
         x64\Release\Overlapped.obj
         x64\Release\stdafx.obj
         OcuInterface.vcxproj -> C:\Users\rbedikian\Desktop\Platform\InputDriverNew\source\x64\Release\OcuInterface.lib
       FinalizeBuildStatus:
         Deleting file "x64\Release\OcuInterface.unsuccessfulbuild".
         Touching "x64\Release\OcuInterface.lastbuildstate".
     1>Done Building Project "C:\Users\rbedikian\Desktop\Platform\InputDriverNew\source\OcuInterface\OcuInterface.vcxproj" (build target(s)).

Build succeeded.

Time Elapsed 00:00:02.30
