C:\Users\rbedikian\Desktop\Platform\InputDriverNew\source\OcuInterface\OcuInterfaceCodes.dbg
C:\USERS\RBEDIKIAN\DESKTOP\PLATFORM\INPUTDRIVERNEW\SOURCE\OCUINTERFACE\X64\RELEASE\AUTOLOCKER.OBJ
C:\Users\rbedikian\Desktop\Platform\InputDriverNew\source\OcuInterface\x64\Release\cl.command.1.tlog
C:\Users\rbedikian\Desktop\Platform\InputDriverNew\source\OcuInterface\x64\Release\CL.read.1.tlog
C:\Users\rbedikian\Desktop\Platform\InputDriverNew\source\OcuInterface\x64\Release\CL.write.1.tlog
C:\USERS\RBEDIKIAN\DESKTOP\PLATFORM\INPUTDRIVERNEW\SOURCE\OCUINTERFACE\X64\RELEASE\FOCUSAPPINFO.OBJ
C:\Users\rbedikian\Desktop\Platform\InputDriverNew\source\OcuInterface\x64\Release\lib.command.1.tlog
C:\Users\rbedikian\Desktop\Platform\InputDriverNew\source\OcuInterface\x64\Release\Lib-link.read.1.tlog
C:\Users\rbedikian\Desktop\Platform\InputDriverNew\source\OcuInterface\x64\Release\Lib-link.write.1.tlog
C:\Users\rbedikian\Desktop\Platform\InputDriverNew\source\OcuInterface\x64\Release\Lib-link-cvtres.read.1.tlog
C:\Users\rbedikian\Desktop\Platform\InputDriverNew\source\OcuInterface\x64\Release\Lib-link-cvtres.write.1.tlog
C:\USERS\RBEDIKIAN\DESKTOP\PLATFORM\INPUTDRIVERNEW\SOURCE\OCUINTERFACE\X64\RELEASE\OBJPOOL.OBJ
C:\USERS\RBEDIKIAN\DESKTOP\PLATFORM\INPUTDRIVERNEW\SOURCE\OCUINTERFACE\X64\RELEASE\OCUHIDINSTANCE.OBJ
C:\USERS\RBEDIKIAN\DESKTOP\PLATFORM\INPUTDRIVERNEW\SOURCE\OCUINTERFACE\X64\RELEASE\OCUICON.OBJ
C:\USERS\RBEDIKIAN\DESKTOP\PLATFORM\INPUTDRIVERNEW\SOURCE\OCUINTERFACE\X64\RELEASE\OCUICONWINDOWCLASS.OBJ
C:\USERS\RBEDIKIAN\DESKTOP\PLATFORM\INPUTDRIVERNEW\SOURCE\OCUINTERFACE\X64\RELEASE\OCUIMAGE.OBJ
C:\USERS\RBEDIKIAN\DESKTOP\PLATFORM\INPUTDRIVERNEW\SOURCE\OCUINTERFACE\X64\RELEASE\OCUINTERFACE.OBJ
C:\USERS\RBEDIKIAN\DESKTOP\PLATFORM\INPUTDRIVERNEW\SOURCE\OCUINTERFACE\X64\RELEASE\OCUINTERFACE.PCH
C:\Users\rbedikian\Desktop\Platform\InputDriverNew\source\OcuInterface\x64\Release\OcuInterface.write.1.tlog
C:\USERS\RBEDIKIAN\DESKTOP\PLATFORM\INPUTDRIVERNEW\SOURCE\OCUINTERFACE\X64\RELEASE\OCUINTERFACECODES.RES
C:\USERS\RBEDIKIAN\DESKTOP\PLATFORM\INPUTDRIVERNEW\SOURCE\OCUINTERFACE\X64\RELEASE\OVERLAPPED.OBJ
C:\Users\rbedikian\Desktop\Platform\InputDriverNew\source\OcuInterface\x64\Release\rc.command.1.tlog
C:\Users\rbedikian\Desktop\Platform\InputDriverNew\source\OcuInterface\x64\Release\rc.read.1.tlog
C:\Users\rbedikian\Desktop\Platform\InputDriverNew\source\OcuInterface\x64\Release\rc.write.1.tlog
C:\USERS\RBEDIKIAN\DESKTOP\PLATFORM\INPUTDRIVERNEW\SOURCE\OCUINTERFACE\X64\RELEASE\STDAFX.OBJ
C:\USERS\RBEDIKIAN\DESKTOP\PLATFORM\INPUTDRIVERNEW\SOURCE\OCUINTERFACE\X64\RELEASE\VC100.PDB
C:\USERS\RBEDIKIAN\DESKTOP\PLATFORM\INPUTDRIVERNEW\SOURCE\X64\RELEASE\OCUINTERFACE.LIB
