C:\Users\rbedikian\Desktop\Platform\InputDriverNew\source\HidEmulator\HidEmulatorKmdfCodes.dbg
C:\Users\rbedikian\Desktop\Platform\InputDriverNew\source\HidEmulator\x64\Release\HidEmulatorKmdf\cl.command.1.tlog
C:\Users\rbedikian\Desktop\Platform\InputDriverNew\source\HidEmulator\x64\Release\HidEmulatorKmdf\CL.read.1.tlog
C:\Users\rbedikian\Desktop\Platform\InputDriverNew\source\HidEmulator\x64\Release\HidEmulatorKmdf\CL.write.1.tlog
C:\USERS\RBEDIKIAN\DESKTOP\PLATFORM\INPUTDRIVERNEW\SOURCE\HIDEMULATOR\X64\RELEASE\HIDEMULATORKMDF\EMULATOR.OBJ
C:\USERS\RBEDIKIAN\DESKTOP\PLATFORM\INPUTDRIVERNEW\SOURCE\HIDEMULATOR\X64\RELEASE\HIDEMULATORKMDF\EMULATORCONTEXT.OBJ
C:\USERS\RBEDIKIAN\DESKTOP\PLATFORM\INPUTDRIVERNEW\SOURCE\HIDEMULATOR\X64\RELEASE\HIDEMULATORKMDF\EMULATORSTATE.OBJ
C:\USERS\RBEDIKIAN\DESKTOP\PLATFORM\INPUTDRIVERNEW\SOURCE\HIDEMULATOR\X64\RELEASE\HIDEMULATORKMDF\HIDEMULATORKMDF.OBJ
C:\USERS\RBEDIKIAN\DESKTOP\PLATFORM\INPUTDRIVERNEW\SOURCE\HIDEMULATOR\X64\RELEASE\HIDEMULATORKMDF\HIDEMULATORKMDF.PCH
C:\USERS\RBEDIKIAN\DESKTOP\PLATFORM\INPUTDRIVERNEW\SOURCE\HIDEMULATOR\X64\RELEASE\HIDEMULATORKMDF\HIDEMULATORKMDF.RES
C:\Users\rbedikian\Desktop\Platform\InputDriverNew\source\HidEmulator\x64\Release\HidEmulatorKmdf\HidEmulatorKmdf.write.1.tlog
C:\USERS\RBEDIKIAN\DESKTOP\PLATFORM\INPUTDRIVERNEW\SOURCE\HIDEMULATOR\X64\RELEASE\HIDEMULATORKMDF\HIDEMULATORKMDFCODES.RES
C:\Users\rbedikian\Desktop\Platform\InputDriverNew\source\HidEmulator\x64\Release\HidEmulatorKmdf\link.command.1.tlog
C:\Users\rbedikian\Desktop\Platform\InputDriverNew\source\HidEmulator\x64\Release\HidEmulatorKmdf\link.read.1.tlog
C:\Users\rbedikian\Desktop\Platform\InputDriverNew\source\HidEmulator\x64\Release\HidEmulatorKmdf\link.write.1.tlog
C:\Users\rbedikian\Desktop\Platform\InputDriverNew\source\HidEmulator\x64\Release\HidEmulatorKmdf\link-cvtres.read.1.tlog
C:\Users\rbedikian\Desktop\Platform\InputDriverNew\source\HidEmulator\x64\Release\HidEmulatorKmdf\link-cvtres.write.1.tlog
C:\Users\rbedikian\Desktop\Platform\InputDriverNew\source\HidEmulator\x64\Release\HidEmulatorKmdf\rc.command.1.tlog
C:\Users\rbedikian\Desktop\Platform\InputDriverNew\source\HidEmulator\x64\Release\HidEmulatorKmdf\rc.read.1.tlog
C:\Users\rbedikian\Desktop\Platform\InputDriverNew\source\HidEmulator\x64\Release\HidEmulatorKmdf\rc.write.1.tlog
C:\USERS\RBEDIKIAN\DESKTOP\PLATFORM\INPUTDRIVERNEW\SOURCE\HIDEMULATOR\X64\RELEASE\HIDEMULATORKMDF\STDAFX.OBJ
C:\USERS\RBEDIKIAN\DESKTOP\PLATFORM\INPUTDRIVERNEW\SOURCE\HIDEMULATOR\X64\RELEASE\HIDEMULATORKMDF\VC100.PDB
C:\USERS\RBEDIKIAN\DESKTOP\PLATFORM\INPUTDRIVERNEW\SOURCE\HIDEMULATOR\X64\RELEASE\HIDEMULATORKMDF\WDFOBJECTDELETER.OBJ
C:\USERS\RBEDIKIAN\DESKTOP\PLATFORM\INPUTDRIVERNEW\SOURCE\HIDEMULATOR\X64\RELEASE\HIDEMULATORKMDF\WDFOBJECTLOCK.OBJ
C:\USERS\RBEDIKIAN\DESKTOP\PLATFORM\INPUTDRIVERNEW\SOURCE\HIDEMULATOR\X64\RELEASE\HIDEMULATORKMDF\WDFREQUESTCOMPLETER.OBJ
C:\USERS\RBEDIKIAN\DESKTOP\PLATFORM\INPUTDRIVERNEW\SOURCE\HIDEMULATOR\X64\RELEASE\HIDEMULATORKMDF\WDFREQUESTREQUEUER.OBJ
C:\Users\rbedikian\Desktop\Platform\InputDriverNew\source\x64\Release\HidEmulatorKmdf.exp
C:\Users\rbedikian\Desktop\Platform\InputDriverNew\source\x64\Release\HidEmulatorKmdf.lib
C:\USERS\RBEDIKIAN\DESKTOP\PLATFORM\INPUTDRIVERNEW\SOURCE\X64\RELEASE\HIDEMULATORKMDF.PDB
C:\USERS\RBEDIKIAN\DESKTOP\PLATFORM\INPUTDRIVERNEW\SOURCE\X64\RELEASE\HIDEMULATORKMDF.SYS
