Build started 5/17/2012 5:18:43 PM.
     1>Project "C:\Users\rbedikian\Desktop\Platform\InputDriverNew\source\HidEmulator\HidEmulator.vcxproj" on node 5 (build target(s)).
     1>InitializeBuildStatus:
         Creating "x64\Debug\HidEmulator\HidEmulator.unsuccessfulbuild" because "AlwaysCreate" was specified.
       ClCompile:
         C:\Program Files (x86)\Microsoft Visual Studio 10.0\VC\bin\x86_amd64\CL.exe /c /IC:\WinDDK\7600.16385.1\inc\ddk /IC:\WinDDK\7600.16385.1\inc\api /IC:\WinDDK\7600.16385.1\inc\crt /IC:\WinDDK\7600.16385.1\inc\wdf\kmdf\1.9 /Zi /nologo /W3 /WX /Od /D _WIN64 /D _AMD64_ /D AMD64 /D CONDITION_HANDLING=1 /D NT_INST=0 /D WIN32=100 /D _NT1X_=100 /D WINNT=1 /D _WIN32_WINNT=0x0502 /D WINVER=0x0502 /D _WIN32_IE=0x0603 /D WIN32_LEAN_AND_MEAN=1 /D DEVL=1 /D DBG=1 /D __BUILDMACHINE__=WinDDK /D _DLL=1 /D NDEBUG /D DEF_DATA_STRUCT_NAME=KEYBOARD_INPUT_DATA /D DEF_KUIR_FLT_VERSION=KUIR_KBD_VERSION /D DEF_KUIR_FLT_INTERFACE=KUIR_KBD_INTERFACE /D DEF_KUIR_COUNTER_INTERFACE=KUIR_MOU_INTERFACE /D DEF_KUIR_FLT_INTERFACE_GUID=KUIR_KBD_INTERFACE_GUID /D DEF_KUIR_PREFIX=sc_wcszKFKbd /D DEF_KUIR_KBD=1 /D DEPRECATE_DDK_FUNCTIONS=1 /D MSC_NOOPT /D NTDDI_VERSION=0x05020100 /D KMDF_MAJOR_VERSION=01 /D KMDF_MINOR_VERSION=005 /D _WINDLL /D _UNICODE /D UNICODE /GF /Gm- /MT /Zp8 /GS /Gy /fp:precise /Zc:wchar_t /Zc:forScope /GR- /Yc"StdAfx.h" /Fp"x64\Debug\HidEmulator\HidEmulator.pch" /Fo"x64\Debug\HidEmulator\\" /Fd"x64\Debug\HidEmulator\vc100.pdb" /Gz /TP /Zl /errorReport:prompt stdafx.cpp
         stdafx.cpp
         C:\Program Files (x86)\Microsoft Visual Studio 10.0\VC\bin\x86_amd64\CL.exe /c /IC:\WinDDK\7600.16385.1\inc\ddk /IC:\WinDDK\7600.16385.1\inc\api /IC:\WinDDK\7600.16385.1\inc\crt /IC:\WinDDK\7600.16385.1\inc\wdf\kmdf\1.9 /Zi /nologo /W3 /WX /Od /D _WIN64 /D _AMD64_ /D AMD64 /D CONDITION_HANDLING=1 /D NT_INST=0 /D WIN32=100 /D _NT1X_=100 /D WINNT=1 /D _WIN32_WINNT=0x0502 /D WINVER=0x0502 /D _WIN32_IE=0x0603 /D WIN32_LEAN_AND_MEAN=1 /D DEVL=1 /D DBG=1 /D __BUILDMACHINE__=WinDDK /D _DLL=1 /D NDEBUG /D DEF_DATA_STRUCT_NAME=KEYBOARD_INPUT_DATA /D DEF_KUIR_FLT_VERSION=KUIR_KBD_VERSION /D DEF_KUIR_FLT_INTERFACE=KUIR_KBD_INTERFACE /D DEF_KUIR_COUNTER_INTERFACE=KUIR_MOU_INTERFACE /D DEF_KUIR_FLT_INTERFACE_GUID=KUIR_KBD_INTERFACE_GUID /D DEF_KUIR_PREFIX=sc_wcszKFKbd /D DEF_KUIR_KBD=1 /D DEPRECATE_DDK_FUNCTIONS=1 /D MSC_NOOPT /D NTDDI_VERSION=0x05020100 /D KMDF_MAJOR_VERSION=01 /D KMDF_MINOR_VERSION=005 /D _WINDLL /D _UNICODE /D UNICODE /GF /Gm- /MT /Zp8 /GS /Gy /fp:precise /Zc:wchar_t /Zc:forScope /GR- /Yu"StdAfx.h" /Fp"x64\Debug\HidEmulator\HidEmulator.pch" /Fo"x64\Debug\HidEmulator\\" /Fd"x64\Debug\HidEmulator\vc100.pdb" /Gz /TP /Zl /errorReport:prompt HidEmulator.cpp
         HidEmulator.cpp
       ResourceCompile:
         C:\Program Files (x86)\Microsoft SDKs\Windows\v7.0A\bin\rc.exe /D _UNICODE /D UNICODE /l"0x0409" /nologo /fo"x64\Debug\HidEmulator\HidEmulator.res" HidEmulator.rc 
       Link:
         C:\Program Files (x86)\Microsoft Visual Studio 10.0\VC\bin\x86_amd64\link.exe /ERRORREPORT:PROMPT /OUT:"C:\Users\rbedikian\Desktop\Platform\InputDriverNew\source\x64\Debug\HidEmulator.sys" /VERSION:"6.0" /NOLOGO /LIBPATH:C:\WinDDK\7600.16385.1\lib\Crt\amd64 /LIBPATH:C:\WinDDK\7600.16385.1\lib\wnet\amd64 /LIBPATH:C:\WinDDK\7600.16385.1\lib\wdf\kmdf\amd64\1.9 BufferOverflowK.lib ntoskrnl.lib hal.lib wmilib.lib sehupd.lib nt.lib hidclass.lib kernel32.lib user32.lib gdi32.lib winspool.lib comdlg32.lib advapi32.lib shell32.lib ole32.lib oleaut32.lib uuid.lib odbc32.lib odbccp32.lib /NODEFAULTLIB /MANIFEST:NO /DEBUG /PDB:"C:\Users\rbedikian\Desktop\Platform\InputDriverNew\source\x64\Debug\HidEmulator.pdb" /STACK:"262144","4096" /Driver /IGNOREIDL /TLBID:1 /ENTRY:"GsDriverEntry" /RELEASE /BASE:"0x10000" /FIXED:NO /MACHINE:X64 /DLL x64\Debug\HidEmulator\HidEmulator.res
         x64\Debug\HidEmulator\HidEmulator.obj
         x64\Debug\HidEmulator\stdafx.obj
         C:\Users\rbedikian\Desktop\Platform\InputDriverNew\source\x64\Debug\Globals.lib /functionpadmin:5 /subsystem:native,5.01 /align:0x80 /stub:c:\winddk\7600.16385.1\lib\wxp\stub512.com /osversion:6.0 /SECTION:INIT,d /IGNORE:4198,4010,4037,4039,4065,4070,4078,4087,4089,4221 
         HidEmulator.vcxproj -> C:\Users\rbedikian\Desktop\Platform\InputDriverNew\source\x64\Debug\HidEmulator.sys
       PostBuildEvent:
         Description: Signing...
         signtool sign -f "C:\Users\rbedikian\Desktop\Platform\InputDriverNew\source\Resource\Certificate\OcuSpec.pfx" /p "En1Fm1ksp;" "C:\Users\rbedikian\Desktop\Platform\InputDriverNew\source\x64\Debug\HidEmulator.sys"
         :VCEnd
         Done Adding Additional Store
         Successfully signed: C:\Users\rbedikian\Desktop\Platform\InputDriverNew\source\x64\Debug\HidEmulator.sys
         
       FinalizeBuildStatus:
         Deleting file "x64\Debug\HidEmulator\HidEmulator.unsuccessfulbuild".
         Touching "x64\Debug\HidEmulator\HidEmulator.lastbuildstate".
     1>Done Building Project "C:\Users\rbedikian\Desktop\Platform\InputDriverNew\source\HidEmulator\HidEmulator.vcxproj" (build target(s)).

Build succeeded.

Time Elapsed 00:00:02.30
