C:\USERS\RBEDIKIAN\DESKTOP\PLATFORM\INPUTDRIVERNEW\SOURCE\DEBUG\OVERLAYHARNESS.EXE
C:\USERS\RBEDIKIAN\DESKTOP\PLATFORM\INPUTDRIVERNEW\SOURCE\DEBUG\OVERLAYHARNESS.ILK
C:\USERS\RBEDIKIAN\DESKTOP\PLATFORM\INPUTDRIVERNEW\SOURCE\DEBUG\OVERLAYHARNESS.PDB
C:\Users\rbedikian\Desktop\Platform\InputDriverNew\source\OverlayHarness\Debug\cl.command.1.tlog
C:\Users\rbedikian\Desktop\Platform\InputDriverNew\source\OverlayHarness\Debug\CL.read.1.tlog
C:\Users\rbedikian\Desktop\Platform\InputDriverNew\source\OverlayHarness\Debug\CL.write.1.tlog
C:\USERS\RBEDIKIAN\DESKTOP\PLATFORM\INPUTDRIVERNEW\SOURCE\OVERLAYHARNESS\DEBUG\GDIPLUSINITIALIZER.OBJ
C:\Users\rbedikian\Desktop\Platform\InputDriverNew\source\OverlayHarness\Debug\link.command.1.tlog
C:\Users\rbedikian\Desktop\Platform\InputDriverNew\source\OverlayHarness\Debug\link.read.1.tlog
C:\Users\rbedikian\Desktop\Platform\InputDriverNew\source\OverlayHarness\Debug\link.write.1.tlog
C:\Users\rbedikian\Desktop\Platform\InputDriverNew\source\OverlayHarness\Debug\link-cvtres.read.1.tlog
C:\Users\rbedikian\Desktop\Platform\InputDriverNew\source\OverlayHarness\Debug\link-cvtres.write.1.tlog
C:\Users\rbedikian\Desktop\Platform\InputDriverNew\source\OverlayHarness\Debug\mt.command.1.tlog
C:\Users\rbedikian\Desktop\Platform\InputDriverNew\source\OverlayHarness\Debug\mt.read.1.tlog
C:\Users\rbedikian\Desktop\Platform\InputDriverNew\source\OverlayHarness\Debug\mt.write.1.tlog
C:\USERS\RBEDIKIAN\DESKTOP\PLATFORM\INPUTDRIVERNEW\SOURCE\OVERLAYHARNESS\DEBUG\OVERLAYHARNESS.EXE.EMBED.MANIFEST
C:\USERS\RBEDIKIAN\DESKTOP\PLATFORM\INPUTDRIVERNEW\SOURCE\OVERLAYHARNESS\DEBUG\OVERLAYHARNESS.EXE.EMBED.MANIFEST.RES
C:\USERS\RBEDIKIAN\DESKTOP\PLATFORM\INPUTDRIVERNEW\SOURCE\OVERLAYHARNESS\DEBUG\OVERLAYHARNESS.EXE.INTERMEDIATE.MANIFEST
C:\USERS\RBEDIKIAN\DESKTOP\PLATFORM\INPUTDRIVERNEW\SOURCE\OVERLAYHARNESS\DEBUG\OVERLAYHARNESS.OBJ
C:\USERS\RBEDIKIAN\DESKTOP\PLATFORM\INPUTDRIVERNEW\SOURCE\OVERLAYHARNESS\DEBUG\OVERLAYHARNESS.PCH
C:\USERS\RBEDIKIAN\DESKTOP\PLATFORM\INPUTDRIVERNEW\SOURCE\OVERLAYHARNESS\DEBUG\OVERLAYHARNESS.RES
C:\Users\rbedikian\Desktop\Platform\InputDriverNew\source\OverlayHarness\Debug\OverlayHarness.write.1.tlog
C:\Users\rbedikian\Desktop\Platform\InputDriverNew\source\OverlayHarness\Debug\OverlayHarness_manifest.rc
C:\Users\rbedikian\Desktop\Platform\InputDriverNew\source\OverlayHarness\Debug\rc.command.1.tlog
C:\Users\rbedikian\Desktop\Platform\InputDriverNew\source\OverlayHarness\Debug\rc.read.1.tlog
C:\Users\rbedikian\Desktop\Platform\InputDriverNew\source\OverlayHarness\Debug\rc.write.1.tlog
C:\USERS\RBEDIKIAN\DESKTOP\PLATFORM\INPUTDRIVERNEW\SOURCE\OVERLAYHARNESS\DEBUG\RESOURCEPNG.OBJ
C:\USERS\RBEDIKIAN\DESKTOP\PLATFORM\INPUTDRIVERNEW\SOURCE\OVERLAYHARNESS\DEBUG\RESOURCESTREAM.OBJ
C:\USERS\RBEDIKIAN\DESKTOP\PLATFORM\INPUTDRIVERNEW\SOURCE\OVERLAYHARNESS\DEBUG\STDAFX.OBJ
C:\Users\rbedikian\Desktop\Platform\InputDriverNew\source\OverlayHarness\Debug\vc100.idb
C:\USERS\RBEDIKIAN\DESKTOP\PLATFORM\INPUTDRIVERNEW\SOURCE\OVERLAYHARNESS\DEBUG\VC100.PDB
