C:\Users\rbedikian\Desktop\Platform\InputDriverNew\source\Installer\InstallerCodes.dbg
C:\Users\rbedikian\Desktop\Platform\InputDriverNew\source\Installer\x64\Release\cl.command.1.tlog
C:\Users\rbedikian\Desktop\Platform\InputDriverNew\source\Installer\x64\Release\CL.read.1.tlog
C:\Users\rbedikian\Desktop\Platform\InputDriverNew\source\Installer\x64\Release\CL.write.1.tlog
C:\USERS\RBEDIKIAN\DESKTOP\PLATFORM\INPUTDRIVERNEW\SOURCE\INSTALLER\X64\RELEASE\INSTALLER.DLL.INTERMEDIATE.MANIFEST
C:\USERS\RBEDIKIAN\DESKTOP\PLATFORM\INPUTDRIVERNEW\SOURCE\INSTALLER\X64\RELEASE\INSTALLER.OBJ
C:\USERS\RBEDIKIAN\DESKTOP\PLATFORM\INPUTDRIVERNEW\SOURCE\INSTALLER\X64\RELEASE\INSTALLER.PCH
C:\Users\rbedikian\Desktop\Platform\InputDriverNew\source\Installer\x64\Release\Installer.write.1.tlog
C:\USERS\RBEDIKIAN\DESKTOP\PLATFORM\INPUTDRIVERNEW\SOURCE\INSTALLER\X64\RELEASE\INSTALLERBASE.OBJ
C:\USERS\RBEDIKIAN\DESKTOP\PLATFORM\INPUTDRIVERNEW\SOURCE\INSTALLER\X64\RELEASE\INSTALLERCODES.RES
C:\USERS\RBEDIKIAN\DESKTOP\PLATFORM\INPUTDRIVERNEW\SOURCE\INSTALLER\X64\RELEASE\LASTERRORPRESERVER.OBJ
C:\Users\rbedikian\Desktop\Platform\InputDriverNew\source\Installer\x64\Release\link.command.1.tlog
C:\Users\rbedikian\Desktop\Platform\InputDriverNew\source\Installer\x64\Release\link.read.1.tlog
C:\Users\rbedikian\Desktop\Platform\InputDriverNew\source\Installer\x64\Release\link.write.1.tlog
C:\Users\rbedikian\Desktop\Platform\InputDriverNew\source\Installer\x64\Release\link-cvtres.read.1.tlog
C:\Users\rbedikian\Desktop\Platform\InputDriverNew\source\Installer\x64\Release\link-cvtres.write.1.tlog
C:\Users\rbedikian\Desktop\Platform\InputDriverNew\source\Installer\x64\Release\mt.command.1.tlog
C:\Users\rbedikian\Desktop\Platform\InputDriverNew\source\Installer\x64\Release\mt.read.1.tlog
C:\Users\rbedikian\Desktop\Platform\InputDriverNew\source\Installer\x64\Release\mt.write.1.tlog
C:\Users\rbedikian\Desktop\Platform\InputDriverNew\source\Installer\x64\Release\rc.command.1.tlog
C:\Users\rbedikian\Desktop\Platform\InputDriverNew\source\Installer\x64\Release\rc.read.1.tlog
C:\Users\rbedikian\Desktop\Platform\InputDriverNew\source\Installer\x64\Release\rc.write.1.tlog
C:\USERS\RBEDIKIAN\DESKTOP\PLATFORM\INPUTDRIVERNEW\SOURCE\INSTALLER\X64\RELEASE\STDAFX.OBJ
C:\USERS\RBEDIKIAN\DESKTOP\PLATFORM\INPUTDRIVERNEW\SOURCE\INSTALLER\X64\RELEASE\VC100.PDB
C:\USERS\RBEDIKIAN\DESKTOP\PLATFORM\INPUTDRIVERNEW\SOURCE\X64\RELEASE\INSTALLER.DLL
C:\Users\rbedikian\Desktop\Platform\InputDriverNew\source\x64\Release\Installer.exp
C:\Users\rbedikian\Desktop\Platform\InputDriverNew\source\x64\Release\Installer.lib
C:\USERS\RBEDIKIAN\DESKTOP\PLATFORM\INPUTDRIVERNEW\SOURCE\X64\RELEASE\INSTALLER.PDB
