Build started 4/9/2012 3:46:19 PM.
     1>Project "C:\Users\rbedikian\Desktop\Platform\InputDriverNew\source\Installer\Installer.vcxproj" on node 8 (rebuild target(s)).
     1>_PrepareForClean:
         Deleting file "x64\Release\Installer.lastbuildstate".
       InitializeBuildStatus:
         Creating "x64\Release\Installer.unsuccessfulbuild" because "AlwaysCreate" was specified.
       McCompile:
         Compiling messages...
         cmd.exe /C "C:\Users\rbedikian\AppData\Local\Temp\779c8c29cebe454f9d2a567ba1940b8d.cmd"
         mc.exe -c -e h -h C:\Users\rbedikian\Desktop\Platform\InputDriverNew\source\Installer\ -r C:\Users\rbedikian\Desktop\Platform\InputDriverNew\source\Installer\ -x C:\Users\rbedikian\Desktop\Platform\InputDriverNew\source\Installer\  InstallerCodes.mc
         MC: Compiling InstallerCodes.mc
       ClCompile:
         C:\Program Files (x86)\Microsoft Visual Studio 10.0\VC\bin\x86_amd64\CL.exe /c /Zi /nologo /W3 /WX- /O2 /Oi /GL /D WIN32 /D NDEBUG /D _LIB /D _WINDLL /D _UNICODE /D UNICODE /Gm- /EHsc /MD /GS /Gy /fp:precise /Zc:wchar_t /Zc:forScope /Yc"StdAfx.h" /Fp"x64\Release\Installer.pch" /Fo"x64\Release\\" /Fd"x64\Release\vc100.pdb" /Gd /TP /errorReport:prompt stdafx.cpp
         stdafx.cpp
         C:\Program Files (x86)\Microsoft Visual Studio 10.0\VC\bin\x86_amd64\CL.exe /c /Zi /nologo /W3 /WX- /O2 /Oi /GL /D WIN32 /D NDEBUG /D _LIB /D _WINDLL /D _UNICODE /D UNICODE /Gm- /EHsc /MD /GS /Gy /fp:precise /Zc:wchar_t /Zc:forScope /Yu"StdAfx.h" /Fp"x64\Release\Installer.pch" /Fo"x64\Release\\" /Fd"x64\Release\vc100.pdb" /Gd /TP /errorReport:prompt Installer.cpp InstallerBase.cpp LastErrorPreserver.cpp
         Installer.cpp
         InstallerBase.cpp
         LastErrorPreserver.cpp
       ResourceCompile:
         C:\Program Files (x86)\Microsoft SDKs\Windows\v7.0A\bin\rc.exe /D _UNICODE /D UNICODE /l"0x0409" /nologo /fo"x64\Release\InstallerCodes.res" InstallerCodes.rc 
       Link:
         C:\Program Files (x86)\Microsoft Visual Studio 10.0\VC\bin\x86_amd64\link.exe /ERRORREPORT:PROMPT /OUT:"C:\Users\rbedikian\Desktop\Platform\InputDriverNew\source\x64\Release\Installer.dll" /NOLOGO Setupapi.lib Shlwapi.lib newdev.lib kernel32.lib user32.lib gdi32.lib winspool.lib comdlg32.lib advapi32.lib shell32.lib ole32.lib oleaut32.lib uuid.lib odbc32.lib odbccp32.lib /DEF:"Installer.def" /ASSEMBLYRESOURCE:C:\Users\rbedikian\Desktop\Platform\InputDriverNew\source\Installer\InstallerCodes.dbg /MANIFEST /ManifestFile:"x64\Release\Installer.dll.intermediate.manifest" /MANIFESTUAC:"level='asInvoker' uiAccess='false'" /DEBUG /PDB:"C:\Users\rbedikian\Desktop\Platform\InputDriverNew\source\x64\Release\Installer.pdb" /SUBSYSTEM:WINDOWS /OPT:REF /OPT:ICF /LTCG /TLBID:1 /DYNAMICBASE /NXCOMPAT /IMPLIB:"C:\Users\rbedikian\Desktop\Platform\InputDriverNew\source\x64\Release\Installer.lib" /MACHINE:X64 /DLL x64\Release\InstallerCodes.res
         x64\Release\Installer.obj
         x64\Release\InstallerBase.obj
         x64\Release\LastErrorPreserver.obj
         x64\Release\stdafx.obj
         C:\Users\rbedikian\Desktop\Platform\InputDriverNew\source\x64\Release\Globals.lib
            Creating library C:\Users\rbedikian\Desktop\Platform\InputDriverNew\source\x64\Release\Installer.lib and object C:\Users\rbedikian\Desktop\Platform\InputDriverNew\source\x64\Release\Installer.exp
         Generating code
         Finished generating code
         Installer.vcxproj -> C:\Users\rbedikian\Desktop\Platform\InputDriverNew\source\x64\Release\Installer.dll
       Manifest:
         C:\Program Files (x86)\Microsoft SDKs\Windows\v7.0A\bin\mt.exe /nologo /verbose /outputresource:"C:\Users\rbedikian\Desktop\Platform\InputDriverNew\source\x64\Release\Installer.dll;#2" /manifest x64\Release\Installer.dll.intermediate.manifest
       PostBuildEvent:
         Description: Signing...
         signtool sign -f "C:\Users\rbedikian\Desktop\Platform\InputDriverNew\source\Resource\Certificate\OcuSpec.pfx" /p "En1Fm1ksp;" "C:\Users\rbedikian\Desktop\Platform\InputDriverNew\source\x64\Release\Installer.dll"
         :VCEnd
         Done Adding Additional Store
         Successfully signed: C:\Users\rbedikian\Desktop\Platform\InputDriverNew\source\x64\Release\Installer.dll
         
       FinalizeBuildStatus:
         Deleting file "x64\Release\Installer.unsuccessfulbuild".
         Touching "x64\Release\Installer.lastbuildstate".
     1>Done Building Project "C:\Users\rbedikian\Desktop\Platform\InputDriverNew\source\Installer\Installer.vcxproj" (rebuild target(s)).

Build succeeded.

Time Elapsed 00:00:02.22
