C:\USERS\RBEDIKIAN\DESKTOP\PLATFORM\INPUTDRIVERNEW\SOURCE\DEBUG\OCUINTERFACE.LIB
C:\USERS\RBEDIKIAN\DESKTOP\PLATFORM\INPUTDRIVERNEW\SOURCE\OCUINTERFACE\DEBUG\AUTOLOCKER.OBJ
C:\Users\rbedikian\Desktop\Platform\InputDriverNew\source\OcuInterface\Debug\cl.command.1.tlog
C:\Users\rbedikian\Desktop\Platform\InputDriverNew\source\OcuInterface\Debug\CL.read.1.tlog
C:\Users\rbedikian\Desktop\Platform\InputDriverNew\source\OcuInterface\Debug\CL.write.1.tlog
C:\USERS\RBEDIKIAN\DESKTOP\PLATFORM\INPUTDRIVERNEW\SOURCE\OCUINTERFACE\DEBUG\FOCUSAPPINFO.OBJ
C:\Users\rbedikian\Desktop\Platform\InputDriverNew\source\OcuInterface\Debug\lib.command.1.tlog
C:\Users\rbedikian\Desktop\Platform\InputDriverNew\source\OcuInterface\Debug\Lib-link.read.1.tlog
C:\Users\rbedikian\Desktop\Platform\InputDriverNew\source\OcuInterface\Debug\Lib-link.write.1.tlog
C:\Users\rbedikian\Desktop\Platform\InputDriverNew\source\OcuInterface\Debug\Lib-link-cvtres.read.1.tlog
C:\Users\rbedikian\Desktop\Platform\InputDriverNew\source\OcuInterface\Debug\Lib-link-cvtres.write.1.tlog
C:\USERS\RBEDIKIAN\DESKTOP\PLATFORM\INPUTDRIVERNEW\SOURCE\OCUINTERFACE\DEBUG\OBJPOOL.OBJ
C:\USERS\RBEDIKIAN\DESKTOP\PLATFORM\INPUTDRIVERNEW\SOURCE\OCUINTERFACE\DEBUG\OCUHIDINSTANCE.OBJ
C:\USERS\RBEDIKIAN\DESKTOP\PLATFORM\INPUTDRIVERNEW\SOURCE\OCUINTERFACE\DEBUG\OCUICON.OBJ
C:\USERS\RBEDIKIAN\DESKTOP\PLATFORM\INPUTDRIVERNEW\SOURCE\OCUINTERFACE\DEBUG\OCUICONWINDOWCLASS.OBJ
C:\USERS\RBEDIKIAN\DESKTOP\PLATFORM\INPUTDRIVERNEW\SOURCE\OCUINTERFACE\DEBUG\OCUIMAGE.OBJ
C:\USERS\RBEDIKIAN\DESKTOP\PLATFORM\INPUTDRIVERNEW\SOURCE\OCUINTERFACE\DEBUG\OCUINTERFACE.OBJ
C:\USERS\RBEDIKIAN\DESKTOP\PLATFORM\INPUTDRIVERNEW\SOURCE\OCUINTERFACE\DEBUG\OCUINTERFACE.PCH
C:\Users\rbedikian\Desktop\Platform\InputDriverNew\source\OcuInterface\Debug\OcuInterface.write.1.tlog
C:\USERS\RBEDIKIAN\DESKTOP\PLATFORM\INPUTDRIVERNEW\SOURCE\OCUINTERFACE\DEBUG\OCUINTERFACECODES.RES
C:\USERS\RBEDIKIAN\DESKTOP\PLATFORM\INPUTDRIVERNEW\SOURCE\OCUINTERFACE\DEBUG\OVERLAPPED.OBJ
C:\Users\rbedikian\Desktop\Platform\InputDriverNew\source\OcuInterface\Debug\rc.command.1.tlog
C:\Users\rbedikian\Desktop\Platform\InputDriverNew\source\OcuInterface\Debug\rc.read.1.tlog
C:\Users\rbedikian\Desktop\Platform\InputDriverNew\source\OcuInterface\Debug\rc.write.1.tlog
C:\USERS\RBEDIKIAN\DESKTOP\PLATFORM\INPUTDRIVERNEW\SOURCE\OCUINTERFACE\DEBUG\STDAFX.OBJ
C:\Users\rbedikian\Desktop\Platform\InputDriverNew\source\OcuInterface\Debug\vc100.idb
C:\USERS\RBEDIKIAN\DESKTOP\PLATFORM\INPUTDRIVERNEW\SOURCE\OCUINTERFACE\DEBUG\VC100.PDB
C:\Users\rbedikian\Desktop\Platform\InputDriverNew\source\OcuInterface\OcuInterfaceCodes.dbg
