Build started 5/17/2012 5:18:42 PM.
     1>Project "C:\Users\rbedikian\Desktop\Platform\InputDriverNew\source\TouchDisplay\TouchDisplay.vcxproj" on node 5 (build target(s)).
     1>PrepareForBuild:
         Creating directory "C:\Users\rbedikian\Desktop\Platform\InputDriverNew\source\x64\Debug\".
       InitializeBuildStatus:
         Creating "x64\Debug\TouchDisplay.unsuccessfulbuild" because "AlwaysCreate" was specified.
       ClCompile:
         C:\Program Files (x86)\Microsoft Visual Studio 10.0\VC\bin\x86_amd64\CL.exe /c /Zi /nologo /W3 /WX- /Od /D WIN32 /D _DEBUG /D _WINDOWS /D _UNICODE /D UNICODE /Gm /EHsc /RTC1 /MDd /GS /fp:precise /Zc:wchar_t /Zc:forScope /Yc"StdAfx.h" /Fp"x64\Debug\TouchDisplay.pch" /Fo"x64\Debug\\" /Fd"x64\Debug\vc100.pdb" /Gd /TP /errorReport:prompt stdafx.cpp
         stdafx.cpp
         C:\Program Files (x86)\Microsoft Visual Studio 10.0\VC\bin\x86_amd64\CL.exe /c /Zi /nologo /W3 /WX- /Od /D WIN32 /D _DEBUG /D _WINDOWS /D _UNICODE /D UNICODE /Gm /EHsc /RTC1 /MDd /GS /fp:precise /Zc:wchar_t /Zc:forScope /Yu"StdAfx.h" /Fp"x64\Debug\TouchDisplay.pch" /Fo"x64\Debug\\" /Fd"x64\Debug\vc100.pdb" /Gd /TP /errorReport:prompt TouchDisplay.cpp TouchRepresentation.cpp
         TouchRepresentation.cpp
         TouchDisplay.cpp
         Generating Code...
       ResourceCompile:
         C:\Program Files (x86)\Microsoft SDKs\Windows\v7.0A\bin\rc.exe /D _UNICODE /D UNICODE /l"0x0409" /nologo /fo"x64\Debug\TouchDisplay.res" TouchDisplay.rc 
       ManifestResourceCompile:
         C:\Program Files (x86)\Microsoft SDKs\Windows\v7.0A\bin\rc.exe /nologo /fo"x64\Debug\TouchDisplay.exe.embed.manifest.res" x64\Debug\TouchDisplay_manifest.rc 
       Link:
         C:\Program Files (x86)\Microsoft Visual Studio 10.0\VC\bin\x86_amd64\link.exe /ERRORREPORT:PROMPT /OUT:"C:\Users\rbedikian\Desktop\Platform\InputDriverNew\source\x64\Debug\TouchDisplay.exe" /INCREMENTAL /NOLOGO kernel32.lib user32.lib gdi32.lib winspool.lib comdlg32.lib advapi32.lib shell32.lib ole32.lib oleaut32.lib uuid.lib odbc32.lib odbccp32.lib /MANIFEST /ManifestFile:"x64\Debug\TouchDisplay.exe.intermediate.manifest" /MANIFESTUAC:"level='asInvoker' uiAccess='false'" /DEBUG /PDB:"C:\Users\rbedikian\Desktop\Platform\InputDriverNew\source\x64\Debug\TouchDisplay.pdb" /SUBSYSTEM:WINDOWS /TLBID:1 /DYNAMICBASE /NXCOMPAT /IMPLIB:"C:\Users\rbedikian\Desktop\Platform\InputDriverNew\source\x64\Debug\TouchDisplay.lib" /MACHINE:X64 x64\Debug\TouchDisplay.res
         x64\Debug\TouchDisplay.exe.embed.manifest.res
         x64\Debug\stdafx.obj
         x64\Debug\TouchDisplay.obj
         x64\Debug\TouchRepresentation.obj
         TouchDisplay.vcxproj -> C:\Users\rbedikian\Desktop\Platform\InputDriverNew\source\x64\Debug\TouchDisplay.exe
       Manifest:
         C:\Program Files (x86)\Microsoft SDKs\Windows\v7.0A\bin\mt.exe /nologo /verbose /out:"x64\Debug\TouchDisplay.exe.embed.manifest" /manifest x64\Debug\TouchDisplay.exe.intermediate.manifest
         C:\Program Files (x86)\Microsoft SDKs\Windows\v7.0A\bin\rc.exe /nologo /fo"x64\Debug\TouchDisplay.exe.embed.manifest.res" x64\Debug\TouchDisplay_manifest.rc 
       LinkEmbedManifest:
         C:\Program Files (x86)\Microsoft Visual Studio 10.0\VC\bin\x86_amd64\link.exe /ERRORREPORT:PROMPT /OUT:"C:\Users\rbedikian\Desktop\Platform\InputDriverNew\source\x64\Debug\TouchDisplay.exe" /INCREMENTAL /NOLOGO kernel32.lib user32.lib gdi32.lib winspool.lib comdlg32.lib advapi32.lib shell32.lib ole32.lib oleaut32.lib uuid.lib odbc32.lib odbccp32.lib /MANIFEST /ManifestFile:"x64\Debug\TouchDisplay.exe.intermediate.manifest" /MANIFESTUAC:"level='asInvoker' uiAccess='false'" /DEBUG /PDB:"C:\Users\rbedikian\Desktop\Platform\InputDriverNew\source\x64\Debug\TouchDisplay.pdb" /SUBSYSTEM:WINDOWS /TLBID:1 /DYNAMICBASE /NXCOMPAT /IMPLIB:"C:\Users\rbedikian\Desktop\Platform\InputDriverNew\source\x64\Debug\TouchDisplay.lib" /MACHINE:X64 x64\Debug\TouchDisplay.res
         x64\Debug\TouchDisplay.exe.embed.manifest.res
         x64\Debug\stdafx.obj
         x64\Debug\TouchDisplay.obj
         x64\Debug\TouchRepresentation.obj
         TouchDisplay.vcxproj -> C:\Users\rbedikian\Desktop\Platform\InputDriverNew\source\x64\Debug\TouchDisplay.exe
       PostBuildEvent:
         Description: Signing...
         signtool sign -f "C:\Users\rbedikian\Desktop\Platform\InputDriverNew\source\Resource\Certificate\OcuSpec.pfx" /p "En1Fm1ksp;" "C:\Users\rbedikian\Desktop\Platform\InputDriverNew\source\x64\Debug\TouchDisplay.exe"
         :VCEnd
         Done Adding Additional Store
         Successfully signed: C:\Users\rbedikian\Desktop\Platform\InputDriverNew\source\x64\Debug\TouchDisplay.exe
         
       FinalizeBuildStatus:
         Deleting file "x64\Debug\TouchDisplay.unsuccessfulbuild".
         Touching "x64\Debug\TouchDisplay.lastbuildstate".
     1>Done Building Project "C:\Users\rbedikian\Desktop\Platform\InputDriverNew\source\TouchDisplay\TouchDisplay.vcxproj" (build target(s)).

Build succeeded.

Time Elapsed 00:00:02.81
