C:\USERS\RBEDIKIAN\DESKTOP\PLATFORM\INPUTDRIVERNEW\SOURCE\DEBUG\INSTALLERAPP.EXE
C:\USERS\RBEDIKIAN\DESKTOP\PLATFORM\INPUTDRIVERNEW\SOURCE\DEBUG\INSTALLERAPP.ILK
C:\USERS\RBEDIKIAN\DESKTOP\PLATFORM\INPUTDRIVERNEW\SOURCE\DEBUG\INSTALLERAPP.PDB
C:\Users\rbedikian\Desktop\Platform\InputDriverNew\source\InstallerApp\Debug\cl.command.1.tlog
C:\Users\rbedikian\Desktop\Platform\InputDriverNew\source\InstallerApp\Debug\CL.read.1.tlog
C:\Users\rbedikian\Desktop\Platform\InputDriverNew\source\InstallerApp\Debug\CL.write.1.tlog
C:\USERS\RBEDIKIAN\DESKTOP\PLATFORM\INPUTDRIVERNEW\SOURCE\INSTALLERAPP\DEBUG\INSTALLERAPP.EXE.EMBED.MANIFEST
C:\USERS\RBEDIKIAN\DESKTOP\PLATFORM\INPUTDRIVERNEW\SOURCE\INSTALLERAPP\DEBUG\INSTALLERAPP.EXE.EMBED.MANIFEST.RES
C:\USERS\RBEDIKIAN\DESKTOP\PLATFORM\INPUTDRIVERNEW\SOURCE\INSTALLERAPP\DEBUG\INSTALLERAPP.EXE.INTERMEDIATE.MANIFEST
C:\USERS\RBEDIKIAN\DESKTOP\PLATFORM\INPUTDRIVERNEW\SOURCE\INSTALLERAPP\DEBUG\INSTALLERAPP.OBJ
C:\USERS\RBEDIKIAN\DESKTOP\PLATFORM\INPUTDRIVERNEW\SOURCE\INSTALLERAPP\DEBUG\INSTALLERAPP.PCH
C:\Users\rbedikian\Desktop\Platform\InputDriverNew\source\InstallerApp\Debug\InstallerApp.write.1.tlog
C:\Users\rbedikian\Desktop\Platform\InputDriverNew\source\InstallerApp\Debug\InstallerApp_manifest.rc
C:\Users\rbedikian\Desktop\Platform\InputDriverNew\source\InstallerApp\Debug\link.4216.read.1.tlog
C:\Users\rbedikian\Desktop\Platform\InputDriverNew\source\InstallerApp\Debug\link.4216.write.1.tlog
C:\Users\rbedikian\Desktop\Platform\InputDriverNew\source\InstallerApp\Debug\link.4216-cvtres.read.1.tlog
C:\Users\rbedikian\Desktop\Platform\InputDriverNew\source\InstallerApp\Debug\link.4216-cvtres.write.1.tlog
C:\Users\rbedikian\Desktop\Platform\InputDriverNew\source\InstallerApp\Debug\link.command.1.tlog
C:\Users\rbedikian\Desktop\Platform\InputDriverNew\source\InstallerApp\Debug\link.read.1.tlog
C:\Users\rbedikian\Desktop\Platform\InputDriverNew\source\InstallerApp\Debug\link.write.1.tlog
C:\Users\rbedikian\Desktop\Platform\InputDriverNew\source\InstallerApp\Debug\link-cvtres.read.1.tlog
C:\Users\rbedikian\Desktop\Platform\InputDriverNew\source\InstallerApp\Debug\link-cvtres.write.1.tlog
C:\Users\rbedikian\Desktop\Platform\InputDriverNew\source\InstallerApp\Debug\mt.command.1.tlog
C:\Users\rbedikian\Desktop\Platform\InputDriverNew\source\InstallerApp\Debug\mt.read.1.tlog
C:\Users\rbedikian\Desktop\Platform\InputDriverNew\source\InstallerApp\Debug\mt.write.1.tlog
C:\Users\rbedikian\Desktop\Platform\InputDriverNew\source\InstallerApp\Debug\rc.command.1.tlog
C:\Users\rbedikian\Desktop\Platform\InputDriverNew\source\InstallerApp\Debug\rc.read.1.tlog
C:\Users\rbedikian\Desktop\Platform\InputDriverNew\source\InstallerApp\Debug\rc.write.1.tlog
C:\USERS\RBEDIKIAN\DESKTOP\PLATFORM\INPUTDRIVERNEW\SOURCE\INSTALLERAPP\DEBUG\STDAFX.OBJ
C:\Users\rbedikian\Desktop\Platform\InputDriverNew\source\InstallerApp\Debug\vc100.idb
C:\USERS\RBEDIKIAN\DESKTOP\PLATFORM\INPUTDRIVERNEW\SOURCE\INSTALLERAPP\DEBUG\VC100.PDB
