Build started 6/11/2012 3:02:22 PM.
     1>Project "C:\Users\rbedikian\Desktop\Platform\InputDriverNew\source\OcuInterface\OcuInterface.vcxproj" on node 2 (build target(s)).
     1>InitializeBuildStatus:
         Creating "x64\Debug\OcuInterface.unsuccessfulbuild" because "AlwaysCreate" was specified.
       McCompile:
       Skipping target "McCompile" because all output files are up-to-date with respect to the input files.
       ClCompile:
         All outputs are up-to-date.
         All outputs are up-to-date.
       ResourceCompile:
         All outputs are up-to-date.
       Lib:
         C:\Program Files (x86)\Microsoft Visual Studio 10.0\VC\bin\x86_amd64\Lib.exe /OUT:"C:\Users\rbedikian\Desktop\Platform\InputDriverNew\source\x64\Debug\OcuInterface.lib" /NOLOGO /MACHINE:X64 x64\Debug\OcuInterfaceCodes.res
         x64\Debug\AutoLocker.obj
         x64\Debug\FocusAppInfo.obj
         x64\Debug\ObjPool.obj
         x64\Debug\OcuHidInstance.obj
         x64\Debug\OcuIcon.obj
         x64\Debug\OcuIconWindowClass.obj
         x64\Debug\OcuImage.obj
         x64\Debug\OcuInterface.obj
         x64\Debug\Overlapped.obj
         x64\Debug\stdafx.obj
     1>ObjPool.obj : warning LNK4221: This object file does not define any previously undefined public symbols, so it will not be used by any link operation that consumes this library
         OcuInterface.vcxproj -> C:\Users\rbedikian\Desktop\Platform\InputDriverNew\source\x64\Debug\OcuInterface.lib
       FinalizeBuildStatus:
         Deleting file "x64\Debug\OcuInterface.unsuccessfulbuild".
         Touching "x64\Debug\OcuInterface.lastbuildstate".
     1>Done Building Project "C:\Users\rbedikian\Desktop\Platform\InputDriverNew\source\OcuInterface\OcuInterface.vcxproj" (build target(s)).

Build succeeded.

Time Elapsed 00:00:00.16
