C:\Users\rbedikian\Desktop\Platform\InputDriverNew\source\TouchDisplay\x64\Release\cl.command.1.tlog
C:\Users\rbedikian\Desktop\Platform\InputDriverNew\source\TouchDisplay\x64\Release\CL.read.1.tlog
C:\Users\rbedikian\Desktop\Platform\InputDriverNew\source\TouchDisplay\x64\Release\CL.write.1.tlog
C:\Users\rbedikian\Desktop\Platform\InputDriverNew\source\TouchDisplay\x64\Release\link.command.1.tlog
C:\Users\rbedikian\Desktop\Platform\InputDriverNew\source\TouchDisplay\x64\Release\link.read.1.tlog
C:\Users\rbedikian\Desktop\Platform\InputDriverNew\source\TouchDisplay\x64\Release\link.write.1.tlog
C:\Users\rbedikian\Desktop\Platform\InputDriverNew\source\TouchDisplay\x64\Release\link-cvtres.read.1.tlog
C:\Users\rbedikian\Desktop\Platform\InputDriverNew\source\TouchDisplay\x64\Release\link-cvtres.write.1.tlog
C:\Users\rbedikian\Desktop\Platform\InputDriverNew\source\TouchDisplay\x64\Release\mt.command.1.tlog
C:\Users\rbedikian\Desktop\Platform\InputDriverNew\source\TouchDisplay\x64\Release\mt.read.1.tlog
C:\Users\rbedikian\Desktop\Platform\InputDriverNew\source\TouchDisplay\x64\Release\mt.write.1.tlog
C:\Users\rbedikian\Desktop\Platform\InputDriverNew\source\TouchDisplay\x64\Release\rc.command.1.tlog
C:\Users\rbedikian\Desktop\Platform\InputDriverNew\source\TouchDisplay\x64\Release\rc.read.1.tlog
C:\Users\rbedikian\Desktop\Platform\InputDriverNew\source\TouchDisplay\x64\Release\rc.write.1.tlog
C:\USERS\RBEDIKIAN\DESKTOP\PLATFORM\INPUTDRIVERNEW\SOURCE\TOUCHDISPLAY\X64\RELEASE\STDAFX.OBJ
C:\USERS\RBEDIKIAN\DESKTOP\PLATFORM\INPUTDRIVERNEW\SOURCE\TOUCHDISPLAY\X64\RELEASE\TOUCHDISPLAY.EXE.INTERMEDIATE.MANIFEST
C:\USERS\RBEDIKIAN\DESKTOP\PLATFORM\INPUTDRIVERNEW\SOURCE\TOUCHDISPLAY\X64\RELEASE\TOUCHDISPLAY.OBJ
C:\USERS\RBEDIKIAN\DESKTOP\PLATFORM\INPUTDRIVERNEW\SOURCE\TOUCHDISPLAY\X64\RELEASE\TOUCHDISPLAY.PCH
C:\USERS\RBEDIKIAN\DESKTOP\PLATFORM\INPUTDRIVERNEW\SOURCE\TOUCHDISPLAY\X64\RELEASE\TOUCHDISPLAY.RES
C:\USERS\RBEDIKIAN\DESKTOP\PLATFORM\INPUTDRIVERNEW\SOURCE\TOUCHDISPLAY\X64\RELEASE\TOUCHREPRESENTATION.OBJ
C:\USERS\RBEDIKIAN\DESKTOP\PLATFORM\INPUTDRIVERNEW\SOURCE\TOUCHDISPLAY\X64\RELEASE\VC100.PDB
C:\USERS\RBEDIKIAN\DESKTOP\PLATFORM\INPUTDRIVERNEW\SOURCE\X64\RELEASE\TOUCHDISPLAY.EXE
C:\USERS\RBEDIKIAN\DESKTOP\PLATFORM\INPUTDRIVERNEW\SOURCE\X64\RELEASE\TOUCHDISPLAY.PDB
