C:\Users\rbedikian\Desktop\Platform\InputDriverNew\source\Installer\Release\cl.command.1.tlog
C:\Users\rbedikian\Desktop\Platform\InputDriverNew\source\Installer\Release\CL.read.1.tlog
C:\Users\rbedikian\Desktop\Platform\InputDriverNew\source\Installer\Release\CL.write.1.tlog
C:\USERS\RBEDIKIAN\DESKTOP\PLATFORM\INPUTDRIVERNEW\SOURCE\INSTALLER\RELEASE\ERRORRESTORER.OBJ
C:\USERS\RBEDIKIAN\DESKTOP\PLATFORM\INPUTDRIVERNEW\SOURCE\INSTALLER\RELEASE\INSTALLER.DLL.INTERMEDIATE.MANIFEST
C:\USERS\RBEDIKIAN\DESKTOP\PLATFORM\INPUTDRIVERNEW\SOURCE\INSTALLER\RELEASE\INSTALLER.OBJ
C:\USERS\RBEDIKIAN\DESKTOP\PLATFORM\INPUTDRIVERNEW\SOURCE\INSTALLER\RELEASE\INSTALLER.PCH
C:\Users\rbedikian\Desktop\Platform\InputDriverNew\source\Installer\Release\Installer.write.1.tlog
C:\USERS\RBEDIKIAN\DESKTOP\PLATFORM\INPUTDRIVERNEW\SOURCE\INSTALLER\RELEASE\INSTALLERBASE.OBJ
C:\USERS\RBEDIKIAN\DESKTOP\PLATFORM\INPUTDRIVERNEW\SOURCE\INSTALLER\RELEASE\INSTALLERCODES.RES
C:\USERS\RBEDIKIAN\DESKTOP\PLATFORM\INPUTDRIVERNEW\SOURCE\INSTALLER\RELEASE\LASTERRORPRESERVER.OBJ
C:\Users\rbedikian\Desktop\Platform\InputDriverNew\source\Installer\Release\link.command.1.tlog
C:\Users\rbedikian\Desktop\Platform\InputDriverNew\source\Installer\Release\link.read.1.tlog
C:\Users\rbedikian\Desktop\Platform\InputDriverNew\source\Installer\Release\link.write.1.tlog
C:\Users\rbedikian\Desktop\Platform\InputDriverNew\source\Installer\Release\link-cvtres.read.1.tlog
C:\Users\rbedikian\Desktop\Platform\InputDriverNew\source\Installer\Release\link-cvtres.write.1.tlog
C:\Users\rbedikian\Desktop\Platform\InputDriverNew\source\Installer\Release\mt.command.1.tlog
C:\Users\rbedikian\Desktop\Platform\InputDriverNew\source\Installer\Release\mt.read.1.tlog
C:\Users\rbedikian\Desktop\Platform\InputDriverNew\source\Installer\Release\mt.write.1.tlog
C:\Users\rbedikian\Desktop\Platform\InputDriverNew\source\Installer\Release\rc.command.1.tlog
C:\Users\rbedikian\Desktop\Platform\InputDriverNew\source\Installer\Release\rc.read.1.tlog
C:\Users\rbedikian\Desktop\Platform\InputDriverNew\source\Installer\Release\rc.write.1.tlog
C:\USERS\RBEDIKIAN\DESKTOP\PLATFORM\INPUTDRIVERNEW\SOURCE\INSTALLER\RELEASE\STDAFX.OBJ
C:\USERS\RBEDIKIAN\DESKTOP\PLATFORM\INPUTDRIVERNEW\SOURCE\INSTALLER\RELEASE\VC100.PDB
C:\USERS\RBEDIKIAN\DESKTOP\PLATFORM\INPUTDRIVERNEW\SOURCE\RELEASE\INSTALLER.DLL
C:\Users\rbedikian\Desktop\Platform\InputDriverNew\source\Release\Installer.exp
C:\Users\rbedikian\Desktop\Platform\InputDriverNew\source\Release\Installer.lib
C:\USERS\RBEDIKIAN\DESKTOP\PLATFORM\INPUTDRIVERNEW\SOURCE\RELEASE\INSTALLER.PDB
