C:\USERS\RBEDIKIAN\DESKTOP\PLATFORM\INPUTDRIVERNEW\SOURCE\RELEASE\TOUCHDISPLAY.EXE
C:\USERS\RBEDIKIAN\DESKTOP\PLATFORM\INPUTDRIVERNEW\SOURCE\RELEASE\TOUCHDISPLAY.PDB
C:\Users\rbedikian\Desktop\Platform\InputDriverNew\source\TouchDisplay\Release\cl.command.1.tlog
C:\Users\rbedikian\Desktop\Platform\InputDriverNew\source\TouchDisplay\Release\CL.read.1.tlog
C:\Users\rbedikian\Desktop\Platform\InputDriverNew\source\TouchDisplay\Release\CL.write.1.tlog
C:\Users\rbedikian\Desktop\Platform\InputDriverNew\source\TouchDisplay\Release\link.command.1.tlog
C:\Users\rbedikian\Desktop\Platform\InputDriverNew\source\TouchDisplay\Release\link.read.1.tlog
C:\Users\rbedikian\Desktop\Platform\InputDriverNew\source\TouchDisplay\Release\link.write.1.tlog
C:\Users\rbedikian\Desktop\Platform\InputDriverNew\source\TouchDisplay\Release\link-cvtres.read.1.tlog
C:\Users\rbedikian\Desktop\Platform\InputDriverNew\source\TouchDisplay\Release\link-cvtres.write.1.tlog
C:\Users\rbedikian\Desktop\Platform\InputDriverNew\source\TouchDisplay\Release\mt.command.1.tlog
C:\Users\rbedikian\Desktop\Platform\InputDriverNew\source\TouchDisplay\Release\mt.read.1.tlog
C:\Users\rbedikian\Desktop\Platform\InputDriverNew\source\TouchDisplay\Release\mt.write.1.tlog
C:\Users\rbedikian\Desktop\Platform\InputDriverNew\source\TouchDisplay\Release\rc.command.1.tlog
C:\Users\rbedikian\Desktop\Platform\InputDriverNew\source\TouchDisplay\Release\rc.read.1.tlog
C:\Users\rbedikian\Desktop\Platform\InputDriverNew\source\TouchDisplay\Release\rc.write.1.tlog
C:\USERS\RBEDIKIAN\DESKTOP\PLATFORM\INPUTDRIVERNEW\SOURCE\TOUCHDISPLAY\RELEASE\STDAFX.OBJ
C:\USERS\RBEDIKIAN\DESKTOP\PLATFORM\INPUTDRIVERNEW\SOURCE\TOUCHDISPLAY\RELEASE\TOUCHDISPLAY.EXE.INTERMEDIATE.MANIFEST
C:\USERS\RBEDIKIAN\DESKTOP\PLATFORM\INPUTDRIVERNEW\SOURCE\TOUCHDISPLAY\RELEASE\TOUCHDISPLAY.OBJ
C:\USERS\RBEDIKIAN\DESKTOP\PLATFORM\INPUTDRIVERNEW\SOURCE\TOUCHDISPLAY\RELEASE\TOUCHDISPLAY.PCH
C:\USERS\RBEDIKIAN\DESKTOP\PLATFORM\INPUTDRIVERNEW\SOURCE\TOUCHDISPLAY\RELEASE\TOUCHDISPLAY.RES
C:\USERS\RBEDIKIAN\DESKTOP\PLATFORM\INPUTDRIVERNEW\SOURCE\TOUCHDISPLAY\RELEASE\TOUCHREPRESENTATION.OBJ
C:\USERS\RBEDIKIAN\DESKTOP\PLATFORM\INPUTDRIVERNEW\SOURCE\TOUCHDISPLAY\RELEASE\VC100.PDB
