C:\USERS\RBEDIKIAN\DESKTOP\PLATFORM\INPUTDRIVERNEW\SOURCE\DEBUG\TOUCHDISPLAY.EXE
C:\USERS\RBEDIKIAN\DESKTOP\PLATFORM\INPUTDRIVERNEW\SOURCE\DEBUG\TOUCHDISPLAY.ILK
C:\USERS\RBEDIKIAN\DESKTOP\PLATFORM\INPUTDRIVERNEW\SOURCE\DEBUG\TOUCHDISPLAY.PDB
C:\Users\rbedikian\Desktop\Platform\InputDriverNew\source\TouchDisplay\Debug\cl.command.1.tlog
C:\Users\rbedikian\Desktop\Platform\InputDriverNew\source\TouchDisplay\Debug\CL.read.1.tlog
C:\Users\rbedikian\Desktop\Platform\InputDriverNew\source\TouchDisplay\Debug\CL.write.1.tlog
C:\Users\rbedikian\Desktop\Platform\InputDriverNew\source\TouchDisplay\Debug\link.command.1.tlog
C:\Users\rbedikian\Desktop\Platform\InputDriverNew\source\TouchDisplay\Debug\link.read.1.tlog
C:\Users\rbedikian\Desktop\Platform\InputDriverNew\source\TouchDisplay\Debug\link.write.1.tlog
C:\Users\rbedikian\Desktop\Platform\InputDriverNew\source\TouchDisplay\Debug\link-cvtres.read.1.tlog
C:\Users\rbedikian\Desktop\Platform\InputDriverNew\source\TouchDisplay\Debug\link-cvtres.write.1.tlog
C:\Users\rbedikian\Desktop\Platform\InputDriverNew\source\TouchDisplay\Debug\mt.command.1.tlog
C:\Users\rbedikian\Desktop\Platform\InputDriverNew\source\TouchDisplay\Debug\mt.read.1.tlog
C:\Users\rbedikian\Desktop\Platform\InputDriverNew\source\TouchDisplay\Debug\mt.write.1.tlog
C:\Users\rbedikian\Desktop\Platform\InputDriverNew\source\TouchDisplay\Debug\rc.command.1.tlog
C:\Users\rbedikian\Desktop\Platform\InputDriverNew\source\TouchDisplay\Debug\rc.read.1.tlog
C:\Users\rbedikian\Desktop\Platform\InputDriverNew\source\TouchDisplay\Debug\rc.write.1.tlog
C:\USERS\RBEDIKIAN\DESKTOP\PLATFORM\INPUTDRIVERNEW\SOURCE\TOUCHDISPLAY\DEBUG\STDAFX.OBJ
C:\USERS\RBEDIKIAN\DESKTOP\PLATFORM\INPUTDRIVERNEW\SOURCE\TOUCHDISPLAY\DEBUG\TOUCHDISPLAY.EXE.EMBED.MANIFEST
C:\USERS\RBEDIKIAN\DESKTOP\PLATFORM\INPUTDRIVERNEW\SOURCE\TOUCHDISPLAY\DEBUG\TOUCHDISPLAY.EXE.EMBED.MANIFEST.RES
C:\USERS\RBEDIKIAN\DESKTOP\PLATFORM\INPUTDRIVERNEW\SOURCE\TOUCHDISPLAY\DEBUG\TOUCHDISPLAY.EXE.INTERMEDIATE.MANIFEST
C:\USERS\RBEDIKIAN\DESKTOP\PLATFORM\INPUTDRIVERNEW\SOURCE\TOUCHDISPLAY\DEBUG\TOUCHDISPLAY.OBJ
C:\USERS\RBEDIKIAN\DESKTOP\PLATFORM\INPUTDRIVERNEW\SOURCE\TOUCHDISPLAY\DEBUG\TOUCHDISPLAY.PCH
C:\USERS\RBEDIKIAN\DESKTOP\PLATFORM\INPUTDRIVERNEW\SOURCE\TOUCHDISPLAY\DEBUG\TOUCHDISPLAY.RES
C:\Users\rbedikian\Desktop\Platform\InputDriverNew\source\TouchDisplay\Debug\TouchDisplay_manifest.rc
C:\USERS\RBEDIKIAN\DESKTOP\PLATFORM\INPUTDRIVERNEW\SOURCE\TOUCHDISPLAY\DEBUG\TOUCHREPRESENTATION.OBJ
C:\Users\rbedikian\Desktop\Platform\InputDriverNew\source\TouchDisplay\Debug\vc100.idb
C:\USERS\RBEDIKIAN\DESKTOP\PLATFORM\INPUTDRIVERNEW\SOURCE\TOUCHDISPLAY\DEBUG\VC100.PDB
