C:\Users\rbedikian\Desktop\Platform\InputDriverNew\source\Debug\HidEmulatorKmdf.exp
C:\Users\rbedikian\Desktop\Platform\InputDriverNew\source\Debug\HidEmulatorKmdf.lib
C:\USERS\RBEDIKIAN\DESKTOP\PLATFORM\INPUTDRIVERNEW\SOURCE\DEBUG\HIDEMULATORKMDF.PDB
C:\USERS\RBEDIKIAN\DESKTOP\PLATFORM\INPUTDRIVERNEW\SOURCE\DEBUG\HIDEMULATORKMDF.SYS
C:\Users\rbedikian\Desktop\Platform\InputDriverNew\source\HidEmulator\Debug\HidEmulatorKmdf\cl.command.1.tlog
C:\Users\rbedikian\Desktop\Platform\InputDriverNew\source\HidEmulator\Debug\HidEmulatorKmdf\CL.read.1.tlog
C:\Users\rbedikian\Desktop\Platform\InputDriverNew\source\HidEmulator\Debug\HidEmulatorKmdf\CL.write.1.tlog
C:\USERS\RBEDIKIAN\DESKTOP\PLATFORM\INPUTDRIVERNEW\SOURCE\HIDEMULATOR\DEBUG\HIDEMULATORKMDF\EMULATOR.OBJ
C:\USERS\RBEDIKIAN\DESKTOP\PLATFORM\INPUTDRIVERNEW\SOURCE\HIDEMULATOR\DEBUG\HIDEMULATORKMDF\EMULATORCONTEXT.OBJ
C:\USERS\RBEDIKIAN\DESKTOP\PLATFORM\INPUTDRIVERNEW\SOURCE\HIDEMULATOR\DEBUG\HIDEMULATORKMDF\EMULATORSTATE.OBJ
C:\USERS\RBEDIKIAN\DESKTOP\PLATFORM\INPUTDRIVERNEW\SOURCE\HIDEMULATOR\DEBUG\HIDEMULATORKMDF\HIDEMULATORKMDF.OBJ
C:\USERS\RBEDIKIAN\DESKTOP\PLATFORM\INPUTDRIVERNEW\SOURCE\HIDEMULATOR\DEBUG\HIDEMULATORKMDF\HIDEMULATORKMDF.PCH
C:\USERS\RBEDIKIAN\DESKTOP\PLATFORM\INPUTDRIVERNEW\SOURCE\HIDEMULATOR\DEBUG\HIDEMULATORKMDF\HIDEMULATORKMDF.RES
C:\Users\rbedikian\Desktop\Platform\InputDriverNew\source\HidEmulator\Debug\HidEmulatorKmdf\HidEmulatorKmdf.write.1.tlog
C:\USERS\RBEDIKIAN\DESKTOP\PLATFORM\INPUTDRIVERNEW\SOURCE\HIDEMULATOR\DEBUG\HIDEMULATORKMDF\HIDEMULATORKMDFCODES.RES
C:\Users\rbedikian\Desktop\Platform\InputDriverNew\source\HidEmulator\Debug\HidEmulatorKmdf\link.command.1.tlog
C:\Users\rbedikian\Desktop\Platform\InputDriverNew\source\HidEmulator\Debug\HidEmulatorKmdf\link.read.1.tlog
C:\Users\rbedikian\Desktop\Platform\InputDriverNew\source\HidEmulator\Debug\HidEmulatorKmdf\link.write.1.tlog
C:\Users\rbedikian\Desktop\Platform\InputDriverNew\source\HidEmulator\Debug\HidEmulatorKmdf\link-cvtres.read.1.tlog
C:\Users\rbedikian\Desktop\Platform\InputDriverNew\source\HidEmulator\Debug\HidEmulatorKmdf\link-cvtres.write.1.tlog
C:\Users\rbedikian\Desktop\Platform\InputDriverNew\source\HidEmulator\Debug\HidEmulatorKmdf\rc.command.1.tlog
C:\Users\rbedikian\Desktop\Platform\InputDriverNew\source\HidEmulator\Debug\HidEmulatorKmdf\rc.read.1.tlog
C:\Users\rbedikian\Desktop\Platform\InputDriverNew\source\HidEmulator\Debug\HidEmulatorKmdf\rc.write.1.tlog
C:\USERS\RBEDIKIAN\DESKTOP\PLATFORM\INPUTDRIVERNEW\SOURCE\HIDEMULATOR\DEBUG\HIDEMULATORKMDF\STDAFX.OBJ
C:\USERS\RBEDIKIAN\DESKTOP\PLATFORM\INPUTDRIVERNEW\SOURCE\HIDEMULATOR\DEBUG\HIDEMULATORKMDF\VC100.PDB
C:\USERS\RBEDIKIAN\DESKTOP\PLATFORM\INPUTDRIVERNEW\SOURCE\HIDEMULATOR\DEBUG\HIDEMULATORKMDF\WDFOBJECTDELETER.OBJ
C:\USERS\RBEDIKIAN\DESKTOP\PLATFORM\INPUTDRIVERNEW\SOURCE\HIDEMULATOR\DEBUG\HIDEMULATORKMDF\WDFOBJECTLOCK.OBJ
C:\USERS\RBEDIKIAN\DESKTOP\PLATFORM\INPUTDRIVERNEW\SOURCE\HIDEMULATOR\DEBUG\HIDEMULATORKMDF\WDFREQUESTCOMPLETER.OBJ
C:\USERS\RBEDIKIAN\DESKTOP\PLATFORM\INPUTDRIVERNEW\SOURCE\HIDEMULATOR\DEBUG\HIDEMULATORKMDF\WDFREQUESTREQUEUER.OBJ
