Build started 5/17/2012 5:18:49 PM.
     1>Project "C:\Users\rbedikian\Desktop\Platform\InputDriverNew\source\Installer\Installer.vcxproj" on node 8 (build target(s)).
     1>InitializeBuildStatus:
         Creating "x64\Debug\Installer.unsuccessfulbuild" because "AlwaysCreate" was specified.
       McCompile:
       Skipping target "McCompile" because all output files are up-to-date with respect to the input files.
       ClCompile:
         C:\Program Files (x86)\Microsoft Visual Studio 10.0\VC\bin\x86_amd64\CL.exe /c /Zi /nologo /W3 /WX- /Od /D WIN32 /D _DEBUG /D _LIB /D _WINDLL /D _UNICODE /D UNICODE /Gm /EHsc /RTC1 /MDd /GS /fp:precise /Zc:wchar_t /Zc:forScope /Yc"StdAfx.h" /Fp"x64\Debug\Installer.pch" /Fo"x64\Debug\\" /Fd"x64\Debug\vc100.pdb" /Gd /TP /errorReport:prompt stdafx.cpp
         stdafx.cpp
         C:\Program Files (x86)\Microsoft Visual Studio 10.0\VC\bin\x86_amd64\CL.exe /c /Zi /nologo /W3 /WX- /Od /D WIN32 /D _DEBUG /D _LIB /D _WINDLL /D _UNICODE /D UNICODE /Gm /EHsc /RTC1 /MDd /GS /fp:precise /Zc:wchar_t /Zc:forScope /Yu"StdAfx.h" /Fp"x64\Debug\Installer.pch" /Fo"x64\Debug\\" /Fd"x64\Debug\vc100.pdb" /Gd /TP /errorReport:prompt Installer.cpp InstallerBase.cpp LastErrorPreserver.cpp
         LastErrorPreserver.cpp
         InstallerBase.cpp
         Installer.cpp
         Generating Code...
       ResourceCompile:
         C:\Program Files (x86)\Microsoft SDKs\Windows\v7.0A\bin\rc.exe /D _UNICODE /D UNICODE /l"0x0409" /nologo /fo"x64\Debug\InstallerCodes.res" InstallerCodes.rc 
       Link:
         C:\Program Files (x86)\Microsoft Visual Studio 10.0\VC\bin\x86_amd64\link.exe /ERRORREPORT:PROMPT /OUT:"C:\Users\rbedikian\Desktop\Platform\InputDriverNew\source\x64\Debug\Installer.dll" /NOLOGO Setupapi.lib Shlwapi.lib newdev.lib kernel32.lib user32.lib gdi32.lib winspool.lib comdlg32.lib advapi32.lib shell32.lib ole32.lib oleaut32.lib uuid.lib odbc32.lib odbccp32.lib /DEF:"Installer.def" /ASSEMBLYRESOURCE:C:\Users\rbedikian\Desktop\Platform\InputDriverNew\source\Installer\InstallerCodes.dbg /MANIFEST /ManifestFile:"x64\Debug\Installer.dll.intermediate.manifest" /MANIFESTUAC:"level='asInvoker' uiAccess='false'" /DEBUG /PDB:"C:\Users\rbedikian\Desktop\Platform\InputDriverNew\source\x64\Debug\Installer.pdb" /SUBSYSTEM:WINDOWS /TLBID:1 /DYNAMICBASE /NXCOMPAT /IMPLIB:"C:\Users\rbedikian\Desktop\Platform\InputDriverNew\source\x64\Debug\Installer.lib" /MACHINE:X64 /DLL x64\Debug\InstallerCodes.res
         x64\Debug\Installer.obj
         x64\Debug\InstallerBase.obj
         x64\Debug\LastErrorPreserver.obj
         x64\Debug\stdafx.obj
         C:\Users\rbedikian\Desktop\Platform\InputDriverNew\source\x64\Debug\Globals.lib
            Creating library C:\Users\rbedikian\Desktop\Platform\InputDriverNew\source\x64\Debug\Installer.lib and object C:\Users\rbedikian\Desktop\Platform\InputDriverNew\source\x64\Debug\Installer.exp
         Installer.vcxproj -> C:\Users\rbedikian\Desktop\Platform\InputDriverNew\source\x64\Debug\Installer.dll
       Manifest:
         C:\Program Files (x86)\Microsoft SDKs\Windows\v7.0A\bin\mt.exe /nologo /verbose /outputresource:"C:\Users\rbedikian\Desktop\Platform\InputDriverNew\source\x64\Debug\Installer.dll;#2" /manifest x64\Debug\Installer.dll.intermediate.manifest
       PostBuildEvent:
         Description: Signing...
         signtool sign -f "C:\Users\rbedikian\Desktop\Platform\InputDriverNew\source\Resource\Certificate\OcuSpec.pfx" /p "En1Fm1ksp;" "C:\Users\rbedikian\Desktop\Platform\InputDriverNew\source\x64\Debug\Installer.dll"
         :VCEnd
         Done Adding Additional Store
         Successfully signed: C:\Users\rbedikian\Desktop\Platform\InputDriverNew\source\x64\Debug\Installer.dll
         
       FinalizeBuildStatus:
         Deleting file "x64\Debug\Installer.unsuccessfulbuild".
         Touching "x64\Debug\Installer.lastbuildstate".
     1>Done Building Project "C:\Users\rbedikian\Desktop\Platform\InputDriverNew\source\Installer\Installer.vcxproj" (build target(s)).

Build succeeded.

Time Elapsed 00:00:02.54
