C:\USERS\RBEDIKIAN\DESKTOP\PLATFORM\INPUTDRIVERNEW\SOURCE\OCUINTERFACE\RELEASE\AUTOLOCKER.OBJ
C:\Users\rbedikian\Desktop\Platform\InputDriverNew\source\OcuInterface\Release\cl.command.1.tlog
C:\Users\rbedikian\Desktop\Platform\InputDriverNew\source\OcuInterface\Release\CL.read.1.tlog
C:\Users\rbedikian\Desktop\Platform\InputDriverNew\source\OcuInterface\Release\CL.write.1.tlog
C:\USERS\RBEDIKIAN\DESKTOP\PLATFORM\INPUTDRIVERNEW\SOURCE\OCUINTERFACE\RELEASE\FOCUSAPPINFO.OBJ
C:\Users\rbedikian\Desktop\Platform\InputDriverNew\source\OcuInterface\Release\lib.command.1.tlog
C:\Users\rbedikian\Desktop\Platform\InputDriverNew\source\OcuInterface\Release\Lib-link.read.1.tlog
C:\Users\rbedikian\Desktop\Platform\InputDriverNew\source\OcuInterface\Release\Lib-link.write.1.tlog
C:\Users\rbedikian\Desktop\Platform\InputDriverNew\source\OcuInterface\Release\Lib-link-cvtres.read.1.tlog
C:\Users\rbedikian\Desktop\Platform\InputDriverNew\source\OcuInterface\Release\Lib-link-cvtres.write.1.tlog
C:\USERS\RBEDIKIAN\DESKTOP\PLATFORM\INPUTDRIVERNEW\SOURCE\OCUINTERFACE\RELEASE\OBJPOOL.OBJ
C:\USERS\RBEDIKIAN\DESKTOP\PLATFORM\INPUTDRIVERNEW\SOURCE\OCUINTERFACE\RELEASE\OCUHIDINSTANCE.OBJ
C:\USERS\RBEDIKIAN\DESKTOP\PLATFORM\INPUTDRIVERNEW\SOURCE\OCUINTERFACE\RELEASE\OCUICON.OBJ
C:\USERS\RBEDIKIAN\DESKTOP\PLATFORM\INPUTDRIVERNEW\SOURCE\OCUINTERFACE\RELEASE\OCUICONWINDOWCLASS.OBJ
C:\USERS\RBEDIKIAN\DESKTOP\PLATFORM\INPUTDRIVERNEW\SOURCE\OCUINTERFACE\RELEASE\OCUIMAGE.OBJ
C:\USERS\RBEDIKIAN\DESKTOP\PLATFORM\INPUTDRIVERNEW\SOURCE\OCUINTERFACE\RELEASE\OCUINTERFACE.OBJ
C:\USERS\RBEDIKIAN\DESKTOP\PLATFORM\INPUTDRIVERNEW\SOURCE\OCUINTERFACE\RELEASE\OCUINTERFACE.PCH
C:\USERS\RBEDIKIAN\DESKTOP\PLATFORM\INPUTDRIVERNEW\SOURCE\OCUINTERFACE\RELEASE\OCUINTERFACECODES.RES
C:\USERS\RBEDIKIAN\DESKTOP\PLATFORM\INPUTDRIVERNEW\SOURCE\OCUINTERFACE\RELEASE\OVERLAPPED.OBJ
C:\Users\rbedikian\Desktop\Platform\InputDriverNew\source\OcuInterface\Release\rc.command.1.tlog
C:\Users\rbedikian\Desktop\Platform\InputDriverNew\source\OcuInterface\Release\rc.read.1.tlog
C:\Users\rbedikian\Desktop\Platform\InputDriverNew\source\OcuInterface\Release\rc.write.1.tlog
C:\USERS\RBEDIKIAN\DESKTOP\PLATFORM\INPUTDRIVERNEW\SOURCE\OCUINTERFACE\RELEASE\STDAFX.OBJ
C:\USERS\RBEDIKIAN\DESKTOP\PLATFORM\INPUTDRIVERNEW\SOURCE\OCUINTERFACE\RELEASE\VC100.PDB
C:\USERS\RBEDIKIAN\DESKTOP\PLATFORM\INPUTDRIVERNEW\SOURCE\RELEASE\OCUINTERFACE.LIB
